20:47:54.119  INFO  manager.ApplicationManager - All tests run in Chrome Browser
20:47:56.246  INFO  manager.ApplicationManager - The link --->https://telranedu.web.app/home
20:47:56.307  INFO  tests.TestBase - Name of method -->loginSuccess
20:47:56.309  INFO  manager.ListenerWD - Before Find Element --->By.xpath: //button[text()='Sign Out']
20:48:01.343  INFO  manager.ListenerWD - After Find Element --->By.xpath: //button[text()='Sign Out']
20:48:01.344  INFO  manager.ListenerWD - List of elements is 0
20:48:01.351  INFO  tests.TestBase - Start test with name 'loginSuccess'
20:48:01.352  INFO  tests.TestBase - Test data --> email: shilol@gmail.com & password : Shilol12345$
20:48:01.352  INFO  manager.ListenerWD - Before Find Element --->By.cssSelector: a[href='/login']
20:48:01.423  INFO  manager.ListenerWD - After Find Element --->By.cssSelector: a[href='/login']
20:48:01.440  INFO  manager.ListenerWD - Location of element (1570, 36)
20:48:01.681  INFO  manager.ListenerWD - Before Find Element --->By.name: email
20:48:01.724  INFO  manager.ListenerWD - After Find Element --->By.name: email
20:48:01.739  INFO  manager.ListenerWD - Location of element (640, 250)
20:48:02.462  INFO  manager.ListenerWD - Before Find Element --->By.xpath: //input[last()]
20:48:02.524  INFO  manager.ListenerWD - After Find Element --->By.xpath: //input[last()]
20:48:02.533  INFO  manager.ListenerWD - Location of element (640, 320)
20:48:02.688  INFO  manager.ListenerWD - Before Find Element --->By.xpath: //button[text()='Login']
20:48:02.754  INFO  manager.ListenerWD - After Find Element --->By.xpath: //button[text()='Login']
20:48:02.771  INFO  manager.ListenerWD - Location of element (640, 390)
20:48:02.848  INFO  manager.ListenerWD - Before Find Element --->By.xpath: //button[text()='Sign Out']
20:48:03.911  INFO  manager.ListenerWD - After Find Element --->By.xpath: //button[text()='Sign Out']
20:48:03.912  INFO  manager.ListenerWD - List of elements is 1
20:48:03.917  INFO  tests.TestBase - Assert check is Element button 'Sing out' present
20:48:03.923  INFO  tests.TestBase - Name of method -->loginSuccess
20:48:03.924  INFO  manager.ListenerWD - Before Find Element --->By.xpath: //button[text()='Sign Out']
20:48:03.972  INFO  manager.ListenerWD - After Find Element --->By.xpath: //button[text()='Sign Out']
20:48:03.973  INFO  manager.ListenerWD - List of elements is 1
20:48:03.973  INFO  manager.ListenerWD - Before Find Element --->By.xpath: //button[text()='Sign Out']
20:48:04.016  INFO  manager.ListenerWD - After Find Element --->By.xpath: //button[text()='Sign Out']
20:48:04.026  INFO  manager.ListenerWD - Location of element (1572, 39)
20:48:04.058  INFO  tests.TestBase - Before method finish logout
20:48:04.059  INFO  tests.TestBase - Start test with name 'loginSuccess'
20:48:04.059  INFO  tests.TestBase - Test data --> email: shilol@gmail.com & password : Shilol12345$
20:48:04.060  INFO  manager.ListenerWD - Before Find Element --->By.cssSelector: a[href='/login']
20:48:04.087  INFO  manager.ListenerWD - After Find Element --->By.cssSelector: a[href='/login']
20:48:04.097  INFO  manager.ListenerWD - Location of element (1568, 35)
20:48:04.168  INFO  manager.ListenerWD - Before Find Element --->By.name: email
20:48:04.275  INFO  manager.ListenerWD - After Find Element --->By.name: email
20:48:04.282  INFO  manager.ListenerWD - Location of element (640, 250)
20:48:04.461  INFO  manager.ListenerWD - Before Find Element --->By.xpath: //input[last()]
20:48:04.507  INFO  manager.ListenerWD - After Find Element --->By.xpath: //input[last()]
20:48:04.520  INFO  manager.ListenerWD - Location of element (640, 320)
20:48:04.692  INFO  manager.ListenerWD - Before Find Element --->By.xpath: //button[text()='Login']
20:48:04.739  INFO  manager.ListenerWD - After Find Element --->By.xpath: //button[text()='Login']
20:48:04.753  INFO  manager.ListenerWD - Location of element (640, 390)
20:48:04.841  INFO  manager.ListenerWD - Before Find Element --->By.xpath: //button[text()='Sign Out']
20:48:05.192  INFO  manager.ListenerWD - After Find Element --->By.xpath: //button[text()='Sign Out']
20:48:05.194  INFO  manager.ListenerWD - List of elements is 1
20:48:05.194  INFO  tests.TestBase - Assert check is Element button 'Sing out' present
20:48:05.202  INFO  tests.TestBase - Name of method -->loginSuccessModel
20:48:05.203  INFO  manager.ListenerWD - Before Find Element --->By.xpath: //button[text()='Sign Out']
20:48:05.289  INFO  manager.ListenerWD - After Find Element --->By.xpath: //button[text()='Sign Out']
20:48:05.290  INFO  manager.ListenerWD - List of elements is 1
20:48:05.291  INFO  manager.ListenerWD - Before Find Element --->By.xpath: //button[text()='Sign Out']
20:48:05.362  INFO  manager.ListenerWD - After Find Element --->By.xpath: //button[text()='Sign Out']
20:48:05.371  INFO  manager.ListenerWD - Location of element (1572, 39)
20:48:05.452  INFO  tests.TestBase - Before method finish logout
20:48:05.453  INFO  tests.TestBase - Test data --> User{email='shilol@gmail.com', password='Shilol12345$'}
20:48:05.453  INFO  manager.ListenerWD - Before Find Element --->By.cssSelector: a[href='/login']
20:48:05.469  INFO  manager.ListenerWD - After Find Element --->By.cssSelector: a[href='/login']
20:48:05.477  INFO  manager.ListenerWD - Location of element (1568, 35)
20:48:05.499  INFO  manager.ListenerWD - Before Find Element --->By.name: email
20:48:05.519  INFO  manager.ListenerWD - After Find Element --->By.name: email
20:48:05.527  INFO  manager.ListenerWD - Location of element (640, 250)
20:48:05.670  INFO  manager.ListenerWD - Before Find Element --->By.xpath: //input[last()]
20:48:05.698  INFO  manager.ListenerWD - After Find Element --->By.xpath: //input[last()]
20:48:05.708  INFO  manager.ListenerWD - Location of element (640, 320)
20:48:05.969  INFO  manager.ListenerWD - Before Find Element --->By.xpath: //button[text()='Login']
20:48:05.997  INFO  manager.ListenerWD - After Find Element --->By.xpath: //button[text()='Login']
20:48:06.010  INFO  manager.ListenerWD - Location of element (640, 390)
20:48:06.087  INFO  manager.ListenerWD - Before Find Element --->By.xpath: //button[text()='Sign Out']
20:48:06.445  INFO  manager.ListenerWD - After Find Element --->By.xpath: //button[text()='Sign Out']
20:48:06.446  INFO  manager.ListenerWD - List of elements is 1
20:48:06.446  INFO  tests.TestBase - Assert check is Element button 'Sing out' present
20:48:06.449  INFO  tests.TestBase - Name of method -->loginSuccessModel
20:48:06.449  INFO  manager.ListenerWD - Before Find Element --->By.xpath: //button[text()='Sign Out']
20:48:06.472  INFO  manager.ListenerWD - After Find Element --->By.xpath: //button[text()='Sign Out']
20:48:06.472  INFO  manager.ListenerWD - List of elements is 1
20:48:06.472  INFO  manager.ListenerWD - Before Find Element --->By.xpath: //button[text()='Sign Out']
20:48:06.493  INFO  manager.ListenerWD - After Find Element --->By.xpath: //button[text()='Sign Out']
20:48:06.503  INFO  manager.ListenerWD - Location of element (1572, 39)
20:48:06.588  INFO  tests.TestBase - Before method finish logout
20:48:06.589  INFO  tests.TestBase - Test data --> User{email='shilol@gmail.com', password='Shilol12345$'}
20:48:06.590  INFO  manager.ListenerWD - Before Find Element --->By.cssSelector: a[href='/login']
20:48:06.622  INFO  manager.ListenerWD - After Find Element --->By.cssSelector: a[href='/login']
20:48:06.632  INFO  manager.ListenerWD - Location of element (1568, 35)
20:48:06.673  INFO  manager.ListenerWD - Before Find Element --->By.name: email
20:48:06.691  INFO  manager.ListenerWD - After Find Element --->By.name: email
20:48:06.699  INFO  manager.ListenerWD - Location of element (640, 250)
20:48:07.022  INFO  manager.ListenerWD - Before Find Element --->By.xpath: //input[last()]
20:48:07.046  INFO  manager.ListenerWD - After Find Element --->By.xpath: //input[last()]
20:48:07.059  INFO  manager.ListenerWD - Location of element (640, 320)
20:48:07.499  INFO  manager.ListenerWD - Before Find Element --->By.xpath: //button[text()='Login']
20:48:07.513  INFO  manager.ListenerWD - After Find Element --->By.xpath: //button[text()='Login']
20:48:07.528  INFO  manager.ListenerWD - Location of element (640, 390)
20:48:07.578  INFO  manager.ListenerWD - Before Find Element --->By.xpath: //button[text()='Sign Out']
20:48:07.886  INFO  manager.ListenerWD - After Find Element --->By.xpath: //button[text()='Sign Out']
20:48:07.886  INFO  manager.ListenerWD - List of elements is 1
20:48:07.886  INFO  tests.TestBase - Assert check is Element button 'Sing out' present
20:48:07.894  INFO  tests.TestBase - Name of method -->loginSuccessModelDP
20:48:07.894  INFO  manager.ListenerWD - Before Find Element --->By.xpath: //button[text()='Sign Out']
20:48:07.910  INFO  manager.ListenerWD - After Find Element --->By.xpath: //button[text()='Sign Out']
20:48:07.910  INFO  manager.ListenerWD - List of elements is 1
20:48:07.910  INFO  manager.ListenerWD - Before Find Element --->By.xpath: //button[text()='Sign Out']
20:48:07.928  INFO  manager.ListenerWD - After Find Element --->By.xpath: //button[text()='Sign Out']
20:48:07.936  INFO  manager.ListenerWD - Location of element (1572, 39)
20:48:08.024  INFO  tests.TestBase - Before method finish logout
20:48:08.026  INFO  tests.TestBase - Test data --> User{email='shilol@gmail.com', password='Shilol12345$'}
20:48:08.026  INFO  manager.ListenerWD - Before Find Element --->By.cssSelector: a[href='/login']
20:48:08.048  INFO  manager.ListenerWD - After Find Element --->By.cssSelector: a[href='/login']
20:48:08.057  INFO  manager.ListenerWD - Location of element (1568, 35)
20:48:08.092  INFO  manager.ListenerWD - Before Find Element --->By.name: email
20:48:08.113  INFO  manager.ListenerWD - After Find Element --->By.name: email
20:48:08.122  INFO  manager.ListenerWD - Location of element (640, 250)
20:48:08.328  INFO  manager.ListenerWD - Before Find Element --->By.xpath: //input[last()]
20:48:08.358  INFO  manager.ListenerWD - After Find Element --->By.xpath: //input[last()]
20:48:08.375  INFO  manager.ListenerWD - Location of element (640, 320)
20:48:08.644  INFO  manager.ListenerWD - Before Find Element --->By.xpath: //button[text()='Login']
20:48:08.703  INFO  manager.ListenerWD - After Find Element --->By.xpath: //button[text()='Login']
20:48:08.714  INFO  manager.ListenerWD - Location of element (640, 390)
20:48:08.741  INFO  manager.ListenerWD - Before Find Element --->By.xpath: //button[text()='Sign Out']
20:48:09.063  INFO  manager.ListenerWD - After Find Element --->By.xpath: //button[text()='Sign Out']
20:48:09.063  INFO  manager.ListenerWD - List of elements is 1
20:48:09.063  INFO  tests.TestBase - Assert check is Element button 'Sing out' present
20:48:09.073  INFO  tests.TestBase - Name of method -->loginSuccessModelDP
20:48:09.076  INFO  manager.ListenerWD - Before Find Element --->By.xpath: //button[text()='Sign Out']
20:48:09.097  INFO  manager.ListenerWD - After Find Element --->By.xpath: //button[text()='Sign Out']
20:48:09.099  INFO  manager.ListenerWD - List of elements is 1
20:48:09.100  INFO  manager.ListenerWD - Before Find Element --->By.xpath: //button[text()='Sign Out']
20:48:09.116  INFO  manager.ListenerWD - After Find Element --->By.xpath: //button[text()='Sign Out']
20:48:09.123  INFO  manager.ListenerWD - Location of element (1572, 39)
20:48:09.151  INFO  tests.TestBase - Before method finish logout
20:48:09.152  INFO  tests.TestBase - Test data --> User{email='shilol@gmail.com', password='Shilol12345$'}
20:48:09.152  INFO  manager.ListenerWD - Before Find Element --->By.cssSelector: a[href='/login']
20:48:09.169  INFO  manager.ListenerWD - After Find Element --->By.cssSelector: a[href='/login']
20:48:09.178  INFO  manager.ListenerWD - Location of element (1568, 35)
20:48:09.217  INFO  manager.ListenerWD - Before Find Element --->By.name: email
20:48:09.230  INFO  manager.ListenerWD - After Find Element --->By.name: email
20:48:09.236  INFO  manager.ListenerWD - Location of element (640, 250)
20:48:09.360  INFO  manager.ListenerWD - Before Find Element --->By.xpath: //input[last()]
20:48:09.382  INFO  manager.ListenerWD - After Find Element --->By.xpath: //input[last()]
20:48:09.393  INFO  manager.ListenerWD - Location of element (640, 320)
20:48:09.562  INFO  manager.ListenerWD - Before Find Element --->By.xpath: //button[text()='Login']
20:48:09.574  INFO  manager.ListenerWD - After Find Element --->By.xpath: //button[text()='Login']
20:48:09.582  INFO  manager.ListenerWD - Location of element (640, 390)
20:48:09.617  INFO  manager.ListenerWD - Before Find Element --->By.xpath: //button[text()='Sign Out']
20:48:09.917  INFO  manager.ListenerWD - After Find Element --->By.xpath: //button[text()='Sign Out']
20:48:09.918  INFO  manager.ListenerWD - List of elements is 1
20:48:09.918  INFO  tests.TestBase - Assert check is Element button 'Sing out' present
20:48:09.925  INFO  tests.TestBase - Name of method -->loginUnregisteredUser
20:48:09.926  INFO  manager.ListenerWD - Before Find Element --->By.xpath: //button[text()='Sign Out']
20:48:09.937  INFO  manager.ListenerWD - After Find Element --->By.xpath: //button[text()='Sign Out']
20:48:09.937  INFO  manager.ListenerWD - List of elements is 1
20:48:09.937  INFO  manager.ListenerWD - Before Find Element --->By.xpath: //button[text()='Sign Out']
20:48:09.950  INFO  manager.ListenerWD - After Find Element --->By.xpath: //button[text()='Sign Out']
20:48:09.957  INFO  manager.ListenerWD - Location of element (1572, 39)
20:48:09.982  INFO  tests.TestBase - Before method finish logout
20:48:09.984  INFO  tests.TestBase - Test data ---> email: 'pop@gmail.com' & password : 'Pop12345$'
20:48:09.984  INFO  manager.ListenerWD - Before Find Element --->By.cssSelector: a[href='/login']
20:48:10.000  INFO  manager.ListenerWD - After Find Element --->By.cssSelector: a[href='/login']
20:48:10.007  INFO  manager.ListenerWD - Location of element (1568, 35)
20:48:10.031  INFO  manager.ListenerWD - Before Find Element --->By.name: email
20:48:10.041  INFO  manager.ListenerWD - After Find Element --->By.name: email
20:48:10.048  INFO  manager.ListenerWD - Location of element (640, 250)
20:48:10.153  INFO  manager.ListenerWD - Before Find Element --->By.xpath: //input[last()]
20:48:10.167  INFO  manager.ListenerWD - After Find Element --->By.xpath: //input[last()]
20:48:10.176  INFO  manager.ListenerWD - Location of element (640, 320)
20:48:10.288  INFO  manager.ListenerWD - Before Find Element --->By.xpath: //button[text()='Login']
20:48:10.306  INFO  manager.ListenerWD - After Find Element --->By.xpath: //button[text()='Login']
20:48:10.317  INFO  manager.ListenerWD - Location of element (640, 390)
20:48:10.420  INFO  manager.ListenerWD - Huston we have problem!
20:48:10.420  INFO  manager.ListenerWD - Object target --->org.openqa.selenium.remote.RemoteWebDriver$RemoteTargetLocator@5c5d6175
20:48:10.420  INFO  manager.ListenerWD - ************
20:48:10.420  INFO  manager.ListenerWD - Method name --->alert
20:48:10.420  INFO  manager.ListenerWD - ************
20:48:10.420  INFO  manager.ListenerWD - ************
20:48:10.420  INFO  manager.ListenerWD - ************
20:48:10.422  INFO  manager.ListenerWD - InvocationTargetException & getTargetException -->org.openqa.selenium.NoAlertPresentException: no such alert
  (Session info: chrome=112.0.5615.137)
Build info: version: '4.7.0', revision: '0a5b49d16f'
System info: os.name: 'Mac OS X', os.arch: 'x86_64', os.version: '13.2.1', java.version: '1.8.0_361'
Driver info: org.openqa.selenium.chrome.ChromeDriver
Command: [a23373143f01580a06c2d01a7e6da412, getAlertText {}]
Capabilities {acceptInsecureCerts: false, browserName: chrome, browserVersion: 112.0.5615.137, chrome: {chromedriverVersion: 111.0.5563.64 (c710e93d5b63..., userDataDir: /var/folders/xc/0_hv0jxn5wj...}, goog:chromeOptions: {debuggerAddress: localhost:62406}, networkConnectionEnabled: false, pageLoadStrategy: normal, platformName: MAC, proxy: Proxy(), se:cdp: ws://localhost:62406/devtoo..., se:cdpVersion: 112.0.5615.137, setWindowRect: true, strictFileInteractability: false, timeouts: {implicit: 0, pageLoad: 300000, script: 30000}, unhandledPromptBehavior: dismiss and notify, webauthn:extension:credBlob: true, webauthn:extension:largeBlob: true, webauthn:extension:minPinLength: true, webauthn:extension:prf: true, webauthn:virtualAuthenticators: true}
Session ID: a23373143f01580a06c2d01a7e6da412
20:48:10.423  INFO  manager.ListenerWD - ************
20:48:10.423  INFO  manager.ListenerWD - Screen with error is --->src/test/screenshots/screen1443.png
20:48:10.989  INFO  tests.TestBase - Assert check is alert present with error text 'Wrong email or password'
20:48:10.997  INFO  tests.TestBase - Name of method -->loginWrongEmail
20:48:10.999  INFO  manager.ListenerWD - Before Find Element --->By.xpath: //button[text()='Sign Out']
20:48:16.064  INFO  manager.ListenerWD - After Find Element --->By.xpath: //button[text()='Sign Out']
20:48:16.067  INFO  manager.ListenerWD - List of elements is 0
20:48:16.072  INFO  tests.TestBase - Test data --> email: 'shilolgmail.com' & password : 'Shilol12345$'
20:48:16.072  INFO  manager.ListenerWD - Before Find Element --->By.cssSelector: a[href='/login']
20:48:16.136  INFO  manager.ListenerWD - After Find Element --->By.cssSelector: a[href='/login']
20:48:16.151  INFO  manager.ListenerWD - Location of element (1568, 35)
20:48:16.188  INFO  manager.ListenerWD - Before Find Element --->By.name: email
20:48:16.209  INFO  manager.ListenerWD - After Find Element --->By.name: email
20:48:16.216  INFO  manager.ListenerWD - Location of element (640, 279)
20:48:16.363  INFO  manager.ListenerWD - Before Find Element --->By.xpath: //input[last()]
20:48:16.376  INFO  manager.ListenerWD - After Find Element --->By.xpath: //input[last()]
20:48:16.384  INFO  manager.ListenerWD - Location of element (640, 349)
20:48:16.567  INFO  manager.ListenerWD - Before Find Element --->By.xpath: //button[text()='Login']
20:48:16.579  INFO  manager.ListenerWD - After Find Element --->By.xpath: //button[text()='Login']
20:48:16.585  INFO  manager.ListenerWD - Location of element (640, 419)
20:48:16.628  INFO  manager.ListenerWD - Huston we have problem!
20:48:16.629  INFO  manager.ListenerWD - Object target --->org.openqa.selenium.remote.RemoteWebDriver$RemoteTargetLocator@6c101cc1
20:48:16.629  INFO  manager.ListenerWD - ************
20:48:16.629  INFO  manager.ListenerWD - Method name --->alert
20:48:16.629  INFO  manager.ListenerWD - ************
20:48:16.629  INFO  manager.ListenerWD - ************
20:48:16.629  INFO  manager.ListenerWD - ************
20:48:16.631  INFO  manager.ListenerWD - InvocationTargetException & getTargetException -->org.openqa.selenium.NoAlertPresentException: no such alert
  (Session info: chrome=112.0.5615.137)
Build info: version: '4.7.0', revision: '0a5b49d16f'
System info: os.name: 'Mac OS X', os.arch: 'x86_64', os.version: '13.2.1', java.version: '1.8.0_361'
Driver info: org.openqa.selenium.chrome.ChromeDriver
Command: [a23373143f01580a06c2d01a7e6da412, getAlertText {}]
Capabilities {acceptInsecureCerts: false, browserName: chrome, browserVersion: 112.0.5615.137, chrome: {chromedriverVersion: 111.0.5563.64 (c710e93d5b63..., userDataDir: /var/folders/xc/0_hv0jxn5wj...}, goog:chromeOptions: {debuggerAddress: localhost:62406}, networkConnectionEnabled: false, pageLoadStrategy: normal, platformName: MAC, proxy: Proxy(), se:cdp: ws://localhost:62406/devtoo..., se:cdpVersion: 112.0.5615.137, setWindowRect: true, strictFileInteractability: false, timeouts: {implicit: 0, pageLoad: 300000, script: 30000}, unhandledPromptBehavior: dismiss and notify, webauthn:extension:credBlob: true, webauthn:extension:largeBlob: true, webauthn:extension:minPinLength: true, webauthn:extension:prf: true, webauthn:virtualAuthenticators: true}
Session ID: a23373143f01580a06c2d01a7e6da412
20:48:16.631  INFO  manager.ListenerWD - ************
20:48:16.631  INFO  manager.ListenerWD - Screen with error is --->src/test/screenshots/screen1450.png
20:48:17.194  INFO  tests.TestBase - Assert check is alert present with error text 'Wrong email or password'
20:48:17.203  INFO  tests.TestBase - Name of method -->loginWrongPassword
20:48:17.205  INFO  manager.ListenerWD - Before Find Element --->By.xpath: //button[text()='Sign Out']
20:48:22.265  INFO  manager.ListenerWD - After Find Element --->By.xpath: //button[text()='Sign Out']
20:48:22.270  INFO  manager.ListenerWD - List of elements is 0
20:48:22.272  INFO  tests.TestBase - Test data --> email: 'shilol@gmail.com' & password : 'Shilol12'
20:48:22.274  INFO  manager.ListenerWD - Before Find Element --->By.cssSelector: a[href='/login']
20:48:22.296  INFO  manager.ListenerWD - After Find Element --->By.cssSelector: a[href='/login']
20:48:22.302  INFO  manager.ListenerWD - Location of element (1568, 35)
20:48:22.348  INFO  manager.ListenerWD - Before Find Element --->By.name: email
20:48:22.363  INFO  manager.ListenerWD - After Find Element --->By.name: email
20:48:22.370  INFO  manager.ListenerWD - Location of element (640, 279)
20:48:22.526  INFO  manager.ListenerWD - Before Find Element --->By.xpath: //input[last()]
20:48:22.563  INFO  manager.ListenerWD - After Find Element --->By.xpath: //input[last()]
20:48:22.573  INFO  manager.ListenerWD - Location of element (640, 349)
20:48:22.701  INFO  manager.ListenerWD - Before Find Element --->By.xpath: //button[text()='Login']
20:48:22.722  INFO  manager.ListenerWD - After Find Element --->By.xpath: //button[text()='Login']
20:48:22.731  INFO  manager.ListenerWD - Location of element (640, 419)
20:48:22.784  INFO  manager.ListenerWD - Huston we have problem!
20:48:22.784  INFO  manager.ListenerWD - Object target --->org.openqa.selenium.remote.RemoteWebDriver$RemoteTargetLocator@11eed657
20:48:22.784  INFO  manager.ListenerWD - ************
20:48:22.784  INFO  manager.ListenerWD - Method name --->alert
20:48:22.784  INFO  manager.ListenerWD - ************
20:48:22.784  INFO  manager.ListenerWD - ************
20:48:22.784  INFO  manager.ListenerWD - ************
20:48:22.785  INFO  manager.ListenerWD - InvocationTargetException & getTargetException -->org.openqa.selenium.NoAlertPresentException: no such alert
  (Session info: chrome=112.0.5615.137)
Build info: version: '4.7.0', revision: '0a5b49d16f'
System info: os.name: 'Mac OS X', os.arch: 'x86_64', os.version: '13.2.1', java.version: '1.8.0_361'
Driver info: org.openqa.selenium.chrome.ChromeDriver
Command: [a23373143f01580a06c2d01a7e6da412, getAlertText {}]
Capabilities {acceptInsecureCerts: false, browserName: chrome, browserVersion: 112.0.5615.137, chrome: {chromedriverVersion: 111.0.5563.64 (c710e93d5b63..., userDataDir: /var/folders/xc/0_hv0jxn5wj...}, goog:chromeOptions: {debuggerAddress: localhost:62406}, networkConnectionEnabled: false, pageLoadStrategy: normal, platformName: MAC, proxy: Proxy(), se:cdp: ws://localhost:62406/devtoo..., se:cdpVersion: 112.0.5615.137, setWindowRect: true, strictFileInteractability: false, timeouts: {implicit: 0, pageLoad: 300000, script: 30000}, unhandledPromptBehavior: dismiss and notify, webauthn:extension:credBlob: true, webauthn:extension:largeBlob: true, webauthn:extension:minPinLength: true, webauthn:extension:prf: true, webauthn:virtualAuthenticators: true}
Session ID: a23373143f01580a06c2d01a7e6da412
20:48:22.786  INFO  manager.ListenerWD - ************
20:48:22.787  INFO  manager.ListenerWD - Screen with error is --->src/test/screenshots/screen1727.png
20:48:23.311  INFO  tests.TestBase - Assert check is alert present with error text 'Wrong email or password'
