19:04:33.441  INFO  manager.ApplicationManager - All tests run in Chrome Browser
19:04:35.822  INFO  manager.ApplicationManager - The link --->https://telranedu.web.app/home
19:04:35.873  INFO  tests.TestBase - Name of method -->loginWrongEmail
19:04:35.876  INFO  manager.ListenerWD - Before Find Element --->By.xpath: //button[text()='Sign Out']
19:04:40.928  INFO  manager.ListenerWD - After Find Element --->By.xpath: //button[text()='Sign Out']
19:04:40.929  INFO  manager.ListenerWD - List of elements is 0
19:04:40.932  INFO  tests.TestBase - Test data --> email: 'shilolgmail.com' & password : 'Shilol12345$'
19:04:40.932  INFO  manager.ListenerWD - Before Find Element --->By.cssSelector: a[href='/login']
19:04:41.017  INFO  manager.ListenerWD - After Find Element --->By.cssSelector: a[href='/login']
19:04:41.045  INFO  manager.ListenerWD - Location of element (1570, 36)
19:04:41.320  INFO  manager.ListenerWD - Before Find Element --->By.name: email
19:04:41.381  INFO  manager.ListenerWD - After Find Element --->By.name: email
19:04:41.389  INFO  manager.ListenerWD - Location of element (640, 250)
19:04:41.836  INFO  manager.ListenerWD - Before Find Element --->By.xpath: //input[last()]
19:04:41.935  INFO  manager.ListenerWD - After Find Element --->By.xpath: //input[last()]
19:04:41.950  INFO  manager.ListenerWD - Location of element (640, 320)
19:04:42.299  INFO  manager.ListenerWD - Before Find Element --->By.xpath: //button[text()='Login']
19:04:42.359  INFO  manager.ListenerWD - After Find Element --->By.xpath: //button[text()='Login']
19:04:42.371  INFO  manager.ListenerWD - Location of element (640, 390)
19:04:42.506  INFO  manager.ListenerWD - Huston we have problem!
19:04:42.507  INFO  manager.ListenerWD - Object target --->org.openqa.selenium.remote.RemoteWebDriver$RemoteTargetLocator@6d9fb2d1
19:04:42.507  INFO  manager.ListenerWD - ************
19:04:42.507  INFO  manager.ListenerWD - Method name --->alert
19:04:42.507  INFO  manager.ListenerWD - ************
19:04:42.507  INFO  manager.ListenerWD - ************
19:04:42.507  INFO  manager.ListenerWD - ************
19:04:42.509  INFO  manager.ListenerWD - InvocationTargetException & getTargetException -->org.openqa.selenium.NoAlertPresentException: no such alert
  (Session info: chrome=112.0.5615.137)
Build info: version: '4.7.0', revision: '0a5b49d16f'
System info: os.name: 'Mac OS X', os.arch: 'x86_64', os.version: '13.2.1', java.version: '1.8.0_361'
Driver info: org.openqa.selenium.chrome.ChromeDriver
Command: [e0e52b831c6e4ccf09127fe00f30b7ae, getAlertText {}]
Capabilities {acceptInsecureCerts: false, browserName: chrome, browserVersion: 112.0.5615.137, chrome: {chromedriverVersion: 111.0.5563.64 (c710e93d5b63..., userDataDir: /var/folders/xc/0_hv0jxn5wj...}, goog:chromeOptions: {debuggerAddress: localhost:51355}, networkConnectionEnabled: false, pageLoadStrategy: normal, platformName: MAC, proxy: Proxy(), se:cdp: ws://localhost:51355/devtoo..., se:cdpVersion: 112.0.5615.137, setWindowRect: true, strictFileInteractability: false, timeouts: {implicit: 0, pageLoad: 300000, script: 30000}, unhandledPromptBehavior: dismiss and notify, webauthn:extension:credBlob: true, webauthn:extension:largeBlob: true, webauthn:extension:minPinLength: true, webauthn:extension:prf: true, webauthn:virtualAuthenticators: true}
Session ID: e0e52b831c6e4ccf09127fe00f30b7ae
19:04:42.511  INFO  manager.ListenerWD - ************
19:04:42.511  INFO  manager.ListenerWD - Screen with error is --->src/test/screenshots/screen1788.png
19:04:43.065  INFO  manager.ListenerWD - Huston we have problem!
19:04:43.066  INFO  manager.ListenerWD - Object target --->org.openqa.selenium.remote.RemoteWebDriver$RemoteTargetLocator@15ac59c2
19:04:43.066  INFO  manager.ListenerWD - ************
19:04:43.067  INFO  manager.ListenerWD - Method name --->alert
19:04:43.067  INFO  manager.ListenerWD - ************
19:04:43.067  INFO  manager.ListenerWD - ************
19:04:43.067  INFO  manager.ListenerWD - ************
19:04:43.067  INFO  manager.ListenerWD - InvocationTargetException & getTargetException -->org.openqa.selenium.NoAlertPresentException: no such alert
  (Session info: chrome=112.0.5615.137)
Build info: version: '4.7.0', revision: '0a5b49d16f'
System info: os.name: 'Mac OS X', os.arch: 'x86_64', os.version: '13.2.1', java.version: '1.8.0_361'
Driver info: org.openqa.selenium.chrome.ChromeDriver
Command: [e0e52b831c6e4ccf09127fe00f30b7ae, getAlertText {}]
Capabilities {acceptInsecureCerts: false, browserName: chrome, browserVersion: 112.0.5615.137, chrome: {chromedriverVersion: 111.0.5563.64 (c710e93d5b63..., userDataDir: /var/folders/xc/0_hv0jxn5wj...}, goog:chromeOptions: {debuggerAddress: localhost:51355}, networkConnectionEnabled: false, pageLoadStrategy: normal, platformName: MAC, proxy: Proxy(), se:cdp: ws://localhost:51355/devtoo..., se:cdpVersion: 112.0.5615.137, setWindowRect: true, strictFileInteractability: false, timeouts: {implicit: 0, pageLoad: 300000, script: 30000}, unhandledPromptBehavior: dismiss and notify, webauthn:extension:credBlob: true, webauthn:extension:largeBlob: true, webauthn:extension:minPinLength: true, webauthn:extension:prf: true, webauthn:virtualAuthenticators: true}
Session ID: e0e52b831c6e4ccf09127fe00f30b7ae
19:04:43.068  INFO  manager.ListenerWD - ************
19:04:43.068  INFO  manager.ListenerWD - Screen with error is --->src/test/screenshots/screen1644.png
19:04:43.662  INFO  tests.TestBase - Assert check is alert present with error text 'Wrong email or password'
19:04:43.688  INFO  tests.TestBase - Name of method -->registrationWrongEmail
19:04:43.690  INFO  manager.ListenerWD - Before Find Element --->By.xpath: //button[text()='Sign Out']
19:04:48.723  INFO  manager.ListenerWD - After Find Element --->By.xpath: //button[text()='Sign Out']
19:04:48.726  INFO  manager.ListenerWD - List of elements is 0
19:04:48.729  INFO  manager.ListenerWD - Before Find Element --->By.cssSelector: a[href='/login']
19:04:48.801  INFO  manager.ListenerWD - After Find Element --->By.cssSelector: a[href='/login']
19:04:48.811  INFO  manager.ListenerWD - Location of element (1568, 35)
19:04:48.872  INFO  manager.ListenerWD - Before Find Element --->By.name: email
19:04:48.904  INFO  manager.ListenerWD - After Find Element --->By.name: email
19:04:48.912  INFO  manager.ListenerWD - Location of element (640, 279)
19:04:49.090  INFO  manager.ListenerWD - Before Find Element --->By.xpath: //input[last()]
19:04:49.137  INFO  manager.ListenerWD - After Find Element --->By.xpath: //input[last()]
19:04:49.145  INFO  manager.ListenerWD - Location of element (640, 349)
19:04:49.490  INFO  manager.ListenerWD - Before Find Element --->By.xpath: //button[text()='Registration']
19:04:49.660  INFO  manager.ListenerWD - After Find Element --->By.xpath: //button[text()='Registration']
19:04:49.688  INFO  manager.ListenerWD - Location of element (890, 419)
19:04:50.291  INFO  manager.ListenerWD - Before Find Element --->By.xpath: //button[text()='Sign Out']
19:04:55.351  INFO  manager.ListenerWD - After Find Element --->By.xpath: //button[text()='Sign Out']
19:04:55.352  INFO  manager.ListenerWD - List of elements is 0
19:04:55.352  INFO  manager.ListenerWD - Before Find Element --->By.cssSelector: a[href='/login']
19:04:55.388  INFO  manager.ListenerWD - After Find Element --->By.cssSelector: a[href='/login']
19:04:55.397  INFO  manager.ListenerWD - Location of element (1568, 35)
19:04:55.426  INFO  manager.ListenerWD - Before Find Element --->By.name: email
19:04:55.467  INFO  manager.ListenerWD - After Find Element --->By.name: email
19:04:55.476  INFO  manager.ListenerWD - Location of element (640, 279)
19:04:55.632  INFO  manager.ListenerWD - Before Find Element --->By.xpath: //input[last()]
19:04:55.672  INFO  manager.ListenerWD - After Find Element --->By.xpath: //input[last()]
19:04:55.681  INFO  manager.ListenerWD - Location of element (640, 349)
19:04:56.034  INFO  manager.ListenerWD - Before Find Element --->By.xpath: //button[text()='Login']
19:04:56.168  INFO  manager.ListenerWD - After Find Element --->By.xpath: //button[text()='Login']
19:04:56.180  INFO  manager.ListenerWD - Location of element (640, 419)
19:04:56.276  INFO  tests.TestBase - Name of method -->addContactSuccessRequiredFields
19:04:56.279  INFO  tests.TestBase - Tests run with data: --->Contact(name=TonyReq1713, lastName=Stark, phone=343434341713, email=stark1713@gmail.com, address=NY, description=null)
19:04:56.280  INFO  manager.ListenerWD - Before Find Element --->By.cssSelector: a[href='/add']
19:04:56.794  INFO  manager.ListenerWD - After Find Element --->By.cssSelector: a[href='/add']
19:04:56.801  INFO  manager.ListenerWD - Location of element (1321, 36)
19:04:56.975  INFO  manager.ListenerWD - Before Find Element --->By.cssSelector: [placeholder='Name']
19:04:57.034  INFO  manager.ListenerWD - After Find Element --->By.cssSelector: [placeholder='Name']
19:04:57.043  INFO  manager.ListenerWD - Location of element (264, 165)
19:04:57.349  INFO  manager.ListenerWD - Before Find Element --->By.cssSelector: [placeholder='Last Name']
19:04:57.378  INFO  manager.ListenerWD - After Find Element --->By.cssSelector: [placeholder='Last Name']
19:04:57.413  INFO  manager.ListenerWD - Location of element (264, 239)
19:04:57.664  INFO  manager.ListenerWD - Before Find Element --->By.cssSelector: [placeholder='Phone']
19:04:57.712  INFO  manager.ListenerWD - After Find Element --->By.cssSelector: [placeholder='Phone']
19:04:57.732  INFO  manager.ListenerWD - Location of element (264, 313)
19:04:58.107  INFO  manager.ListenerWD - Before Find Element --->By.cssSelector: [placeholder='email']
19:04:58.158  INFO  manager.ListenerWD - After Find Element --->By.cssSelector: [placeholder='email']
19:04:58.166  INFO  manager.ListenerWD - Location of element (264, 387)
19:04:58.543  INFO  manager.ListenerWD - Before Find Element --->By.cssSelector: [placeholder='Address']
19:04:58.587  INFO  manager.ListenerWD - After Find Element --->By.cssSelector: [placeholder='Address']
19:04:58.598  INFO  manager.ListenerWD - Location of element (264, 461)
19:04:58.858  INFO  manager.ListenerWD - Before Find Element --->By.cssSelector: [placeholder='description']
19:04:58.887  INFO  manager.ListenerWD - After Find Element --->By.cssSelector: [placeholder='description']
19:04:58.901  INFO  manager.ListenerWD - Location of element (264, 535)
19:04:58.988  INFO  manager.ListenerWD - Before Find Element --->By.cssSelector: .add_form__2rsm2>button
19:04:59.013  INFO  manager.ListenerWD - After Find Element --->By.cssSelector: .add_form__2rsm2>button
19:04:59.020  INFO  manager.ListenerWD - Location of element (267, 609)
19:04:59.119  INFO  manager.ListenerWD - Before Find Element --->By.cssSelector: .add_form__2rsm2>button
19:04:59.139  INFO  manager.ListenerWD - After Find Element --->By.cssSelector: .add_form__2rsm2>button
19:04:59.146  INFO  manager.ListenerWD - Location of element (267, 609)
19:04:59.173  INFO  manager.ListenerWD - Before Find Element --->By.cssSelector: h2
19:04:59.781  INFO  manager.ListenerWD - After Find Element --->By.cssSelector: h2
19:04:59.781  INFO  manager.ListenerWD - List of elements is 3
19:04:59.950  INFO  manager.ListenerWD - Before Find Element --->By.cssSelector: h3
19:04:59.981  INFO  manager.ListenerWD - After Find Element --->By.cssSelector: h3
19:04:59.982  INFO  manager.ListenerWD - List of elements is 3
19:05:00.023  INFO  tests.TestBase - Name of method -->removeFirstContact
19:05:00.024  INFO  manager.ListenerWD - Before Find Element --->By.xpath: //button[text()='Sign Out']
19:05:00.041  INFO  manager.ListenerWD - After Find Element --->By.xpath: //button[text()='Sign Out']
19:05:00.041  INFO  manager.ListenerWD - List of elements is 1
19:05:00.041  INFO  manager.ListenerWD - Before Find Element --->By.cssSelector: .contact-item_card__2SOIM
19:05:00.069  INFO  manager.ListenerWD - After Find Element --->By.cssSelector: .contact-item_card__2SOIM
19:05:00.071  INFO  manager.ListenerWD - List of elements is 3
19:05:00.074  INFO  manager.ListenerWD - Before Find Element --->By.cssSelector: .contact-item_card__2SOIM
19:05:00.106  INFO  manager.ListenerWD - After Find Element --->By.cssSelector: .contact-item_card__2SOIM
19:05:00.107  INFO  manager.ListenerWD - List of elements is 3
19:05:00.107  INFO  manager.HelperBase - Number of Contacts  list before remove is--->3
19:05:00.107  INFO  manager.ListenerWD - Before Find Element --->By.cssSelector: .contact-item_card__2SOIM
19:05:00.122  INFO  manager.ListenerWD - After Find Element --->By.cssSelector: .contact-item_card__2SOIM
19:05:00.129  INFO  manager.ListenerWD - Location of element (252, 150)
19:05:00.219  INFO  manager.ListenerWD - Before Find Element --->By.xpath: //button[text()='Remove']
19:05:00.239  INFO  manager.ListenerWD - After Find Element --->By.xpath: //button[text()='Remove']
19:05:00.249  INFO  manager.ListenerWD - Location of element (793, 362)
19:05:01.290  INFO  manager.ListenerWD - Before Find Element --->By.cssSelector: .contact-item_card__2SOIM
19:05:01.336  INFO  manager.ListenerWD - After Find Element --->By.cssSelector: .contact-item_card__2SOIM
19:05:01.337  INFO  manager.ListenerWD - List of elements is 2
19:05:01.337  INFO  manager.HelperBase - Number of Contacts  list after remove is--->2
