18:29:59.386  INFO  manager.ApplicationManager - All tests run in Chrome Browser
18:30:01.637  INFO  manager.ApplicationManager - The link --->https://telranedu.web.app/home
18:30:01.649  INFO  tests.TestBase - Name of method -->loginWrongEmail
18:30:01.650  INFO  manager.ListenerWD - Before Find Element --->By.xpath: //button[text()='Sign Out']
18:30:06.705  INFO  manager.ListenerWD - After Find Element --->By.xpath: //button[text()='Sign Out']
18:30:06.706  INFO  manager.ListenerWD - List of elements is 0
18:30:06.707  INFO  tests.TestBase - Test data --> email: 'shilolgmail.com' & password : 'Shilol12345$'
18:30:06.708  INFO  manager.ListenerWD - Before Find Element --->By.cssSelector: a[href='/login']
18:30:06.730  INFO  manager.ListenerWD - After Find Element --->By.cssSelector: a[href='/login']
18:30:06.740  INFO  manager.ListenerWD - Location of element (1570, 36)
18:30:06.965  INFO  manager.ListenerWD - Before Find Element --->By.name: email
18:30:06.979  INFO  manager.ListenerWD - After Find Element --->By.name: email
18:30:06.985  INFO  manager.ListenerWD - Location of element (640, 250)
18:30:07.307  INFO  manager.ListenerWD - Before Find Element --->By.xpath: //input[last()]
18:30:07.324  INFO  manager.ListenerWD - After Find Element --->By.xpath: //input[last()]
18:30:07.329  INFO  manager.ListenerWD - Location of element (640, 320)
18:30:07.642  INFO  manager.ListenerWD - Before Find Element --->By.xpath: //button[text()='Login']
18:30:07.655  INFO  manager.ListenerWD - After Find Element --->By.xpath: //button[text()='Login']
18:30:07.660  INFO  manager.ListenerWD - Location of element (640, 390)
18:30:07.747  INFO  manager.ListenerWD - Huston we have problem!
18:30:07.747  INFO  manager.ListenerWD - Object target --->org.openqa.selenium.remote.RemoteWebDriver$RemoteTargetLocator@991cbde
18:30:07.747  INFO  manager.ListenerWD - ************
18:30:07.747  INFO  manager.ListenerWD - Method name --->alert
18:30:07.747  INFO  manager.ListenerWD - ************
18:30:07.747  INFO  manager.ListenerWD - ************
18:30:07.747  INFO  manager.ListenerWD - ************
18:30:07.748  INFO  manager.ListenerWD - InvocationTargetException & getTargetException -->org.openqa.selenium.NoAlertPresentException: no such alert
  (Session info: chrome=112.0.5615.137)
Build info: version: '4.7.0', revision: '0a5b49d16f'
System info: os.name: 'Mac OS X', os.arch: 'aarch64', os.version: '13.3.1', java.version: '11.0.18'
Driver info: org.openqa.selenium.chrome.ChromeDriver
Command: [cbf3f04d57f07aa60eb5f7d8abed93d5, getAlertText {}]
Capabilities {acceptInsecureCerts: false, browserName: chrome, browserVersion: 112.0.5615.137, chrome: {chromedriverVersion: 111.0.5563.64 (c710e93d5b63..., userDataDir: /var/folders/xc/0_hv0jxn5wj...}, goog:chromeOptions: {debuggerAddress: localhost:49577}, networkConnectionEnabled: false, pageLoadStrategy: normal, platformName: MAC, proxy: Proxy(), se:cdp: ws://localhost:49577/devtoo..., se:cdpVersion: 112.0.5615.137, setWindowRect: true, strictFileInteractability: false, timeouts: {implicit: 0, pageLoad: 300000, script: 30000}, unhandledPromptBehavior: dismiss and notify, webauthn:extension:credBlob: true, webauthn:extension:largeBlob: true, webauthn:extension:minPinLength: true, webauthn:extension:prf: true, webauthn:virtualAuthenticators: true}
Session ID: cbf3f04d57f07aa60eb5f7d8abed93d5
18:30:07.748  INFO  manager.ListenerWD - ************
18:30:07.749  INFO  manager.ListenerWD - Screen with error is --->src/test/screenshots/screen1782.png
18:30:08.279  INFO  manager.ListenerWD - Huston we have problem!
18:30:08.279  INFO  manager.ListenerWD - Object target --->org.openqa.selenium.remote.RemoteWebDriver$RemoteTargetLocator@32456db0
18:30:08.280  INFO  manager.ListenerWD - ************
18:30:08.281  INFO  manager.ListenerWD - Method name --->alert
18:30:08.281  INFO  manager.ListenerWD - ************
18:30:08.282  INFO  manager.ListenerWD - ************
18:30:08.282  INFO  manager.ListenerWD - ************
18:30:08.282  INFO  manager.ListenerWD - InvocationTargetException & getTargetException -->org.openqa.selenium.NoAlertPresentException: no such alert
  (Session info: chrome=112.0.5615.137)
Build info: version: '4.7.0', revision: '0a5b49d16f'
System info: os.name: 'Mac OS X', os.arch: 'aarch64', os.version: '13.3.1', java.version: '11.0.18'
Driver info: org.openqa.selenium.chrome.ChromeDriver
Command: [cbf3f04d57f07aa60eb5f7d8abed93d5, getAlertText {}]
Capabilities {acceptInsecureCerts: false, browserName: chrome, browserVersion: 112.0.5615.137, chrome: {chromedriverVersion: 111.0.5563.64 (c710e93d5b63..., userDataDir: /var/folders/xc/0_hv0jxn5wj...}, goog:chromeOptions: {debuggerAddress: localhost:49577}, networkConnectionEnabled: false, pageLoadStrategy: normal, platformName: MAC, proxy: Proxy(), se:cdp: ws://localhost:49577/devtoo..., se:cdpVersion: 112.0.5615.137, setWindowRect: true, strictFileInteractability: false, timeouts: {implicit: 0, pageLoad: 300000, script: 30000}, unhandledPromptBehavior: dismiss and notify, webauthn:extension:credBlob: true, webauthn:extension:largeBlob: true, webauthn:extension:minPinLength: true, webauthn:extension:prf: true, webauthn:virtualAuthenticators: true}
Session ID: cbf3f04d57f07aa60eb5f7d8abed93d5
18:30:08.283  INFO  manager.ListenerWD - ************
18:30:08.283  INFO  manager.ListenerWD - Screen with error is --->src/test/screenshots/screen1923.png
18:30:08.816  INFO  manager.ListenerWD - Huston we have problem!
18:30:08.817  INFO  manager.ListenerWD - Object target --->org.openqa.selenium.remote.RemoteWebDriver$RemoteTargetLocator@5ad1904f
18:30:08.817  INFO  manager.ListenerWD - ************
18:30:08.817  INFO  manager.ListenerWD - Method name --->alert
18:30:08.817  INFO  manager.ListenerWD - ************
18:30:08.817  INFO  manager.ListenerWD - ************
18:30:08.817  INFO  manager.ListenerWD - ************
18:30:08.818  INFO  manager.ListenerWD - InvocationTargetException & getTargetException -->org.openqa.selenium.NoAlertPresentException: no such alert
  (Session info: chrome=112.0.5615.137)
Build info: version: '4.7.0', revision: '0a5b49d16f'
System info: os.name: 'Mac OS X', os.arch: 'aarch64', os.version: '13.3.1', java.version: '11.0.18'
Driver info: org.openqa.selenium.chrome.ChromeDriver
Command: [cbf3f04d57f07aa60eb5f7d8abed93d5, getAlertText {}]
Capabilities {acceptInsecureCerts: false, browserName: chrome, browserVersion: 112.0.5615.137, chrome: {chromedriverVersion: 111.0.5563.64 (c710e93d5b63..., userDataDir: /var/folders/xc/0_hv0jxn5wj...}, goog:chromeOptions: {debuggerAddress: localhost:49577}, networkConnectionEnabled: false, pageLoadStrategy: normal, platformName: MAC, proxy: Proxy(), se:cdp: ws://localhost:49577/devtoo..., se:cdpVersion: 112.0.5615.137, setWindowRect: true, strictFileInteractability: false, timeouts: {implicit: 0, pageLoad: 300000, script: 30000}, unhandledPromptBehavior: dismiss and notify, webauthn:extension:credBlob: true, webauthn:extension:largeBlob: true, webauthn:extension:minPinLength: true, webauthn:extension:prf: true, webauthn:virtualAuthenticators: true}
Session ID: cbf3f04d57f07aa60eb5f7d8abed93d5
18:30:08.819  INFO  manager.ListenerWD - ************
18:30:08.819  INFO  manager.ListenerWD - Screen with error is --->src/test/screenshots/screen1502.png
18:30:09.369  INFO  tests.TestBase - Assert check is alert present with error text 'Wrong email or password'
18:30:09.374  INFO  tests.TestBase - Name of method -->registrationWrongEmail
18:30:09.374  INFO  manager.ListenerWD - Before Find Element --->By.xpath: //button[text()='Sign Out']
18:30:14.427  INFO  manager.ListenerWD - After Find Element --->By.xpath: //button[text()='Sign Out']
18:30:14.428  INFO  manager.ListenerWD - List of elements is 0
18:30:14.429  INFO  manager.ListenerWD - Before Find Element --->By.cssSelector: a[href='/login']
18:30:14.452  INFO  manager.ListenerWD - After Find Element --->By.cssSelector: a[href='/login']
18:30:14.460  INFO  manager.ListenerWD - Location of element (1568, 35)
18:30:14.515  INFO  manager.ListenerWD - Before Find Element --->By.name: email
18:30:14.525  INFO  manager.ListenerWD - After Find Element --->By.name: email
18:30:14.530  INFO  manager.ListenerWD - Location of element (640, 279)
18:30:14.677  INFO  manager.ListenerWD - Before Find Element --->By.xpath: //input[last()]
18:30:14.698  INFO  manager.ListenerWD - After Find Element --->By.xpath: //input[last()]
18:30:14.709  INFO  manager.ListenerWD - Location of element (640, 349)
18:30:15.130  INFO  manager.ListenerWD - Before Find Element --->By.xpath: //button[text()='Registration']
18:30:15.147  INFO  manager.ListenerWD - After Find Element --->By.xpath: //button[text()='Registration']
18:30:15.153  INFO  manager.ListenerWD - Location of element (890, 419)
18:30:15.225  INFO  manager.ListenerWD - Huston we have problem!
18:30:15.226  INFO  manager.ListenerWD - Object target --->org.openqa.selenium.remote.RemoteWebDriver$RemoteTargetLocator@5ccb85d6
18:30:15.226  INFO  manager.ListenerWD - ************
18:30:15.232  INFO  manager.ListenerWD - Method name --->alert
18:30:15.232  INFO  manager.ListenerWD - ************
18:30:15.238  INFO  manager.ListenerWD - ************
18:30:15.243  INFO  manager.ListenerWD - ************
18:30:15.245  INFO  manager.ListenerWD - InvocationTargetException & getTargetException -->org.openqa.selenium.NoAlertPresentException: no such alert
  (Session info: chrome=112.0.5615.137)
Build info: version: '4.7.0', revision: '0a5b49d16f'
System info: os.name: 'Mac OS X', os.arch: 'aarch64', os.version: '13.3.1', java.version: '11.0.18'
Driver info: org.openqa.selenium.chrome.ChromeDriver
Command: [cbf3f04d57f07aa60eb5f7d8abed93d5, getAlertText {}]
Capabilities {acceptInsecureCerts: false, browserName: chrome, browserVersion: 112.0.5615.137, chrome: {chromedriverVersion: 111.0.5563.64 (c710e93d5b63..., userDataDir: /var/folders/xc/0_hv0jxn5wj...}, goog:chromeOptions: {debuggerAddress: localhost:49577}, networkConnectionEnabled: false, pageLoadStrategy: normal, platformName: MAC, proxy: Proxy(), se:cdp: ws://localhost:49577/devtoo..., se:cdpVersion: 112.0.5615.137, setWindowRect: true, strictFileInteractability: false, timeouts: {implicit: 0, pageLoad: 300000, script: 30000}, unhandledPromptBehavior: dismiss and notify, webauthn:extension:credBlob: true, webauthn:extension:largeBlob: true, webauthn:extension:minPinLength: true, webauthn:extension:prf: true, webauthn:virtualAuthenticators: true}
Session ID: cbf3f04d57f07aa60eb5f7d8abed93d5
18:30:15.260  INFO  manager.ListenerWD - ************
18:30:15.261  INFO  manager.ListenerWD - Screen with error is --->src/test/screenshots/screen1381.png
18:30:15.778  INFO  manager.ListenerWD - Before Find Element --->By.xpath: //button[text()='Sign Out']
18:30:20.830  INFO  manager.ListenerWD - After Find Element --->By.xpath: //button[text()='Sign Out']
18:30:20.831  INFO  manager.ListenerWD - List of elements is 0
18:30:20.831  INFO  manager.ListenerWD - Before Find Element --->By.cssSelector: a[href='/login']
18:30:20.855  INFO  manager.ListenerWD - After Find Element --->By.cssSelector: a[href='/login']
18:30:20.863  INFO  manager.ListenerWD - Location of element (1568, 35)
18:30:20.886  INFO  manager.ListenerWD - Before Find Element --->By.name: email
18:30:20.895  INFO  manager.ListenerWD - After Find Element --->By.name: email
18:30:20.901  INFO  manager.ListenerWD - Location of element (640, 279)
18:30:20.991  INFO  manager.ListenerWD - Before Find Element --->By.xpath: //input[last()]
18:30:21.019  INFO  manager.ListenerWD - After Find Element --->By.xpath: //input[last()]
18:30:21.026  INFO  manager.ListenerWD - Location of element (640, 349)
18:30:21.353  INFO  manager.ListenerWD - Before Find Element --->By.xpath: //button[text()='Login']
18:30:21.407  INFO  manager.ListenerWD - After Find Element --->By.xpath: //button[text()='Login']
18:30:21.441  INFO  manager.ListenerWD - Location of element (640, 419)
18:30:21.807  INFO  tests.TestBase - Name of method -->addContactSuccessRequiredFields
18:30:21.816  INFO  tests.TestBase - Tests run with data: --->Contact(name=TonyReq1367, lastName=Stark, phone=343434341367, email=stark1367@gmail.com, address=NY, description=null)
18:30:21.816  INFO  manager.ListenerWD - Before Find Element --->By.cssSelector: a[href='/add']
18:30:22.095  INFO  manager.ListenerWD - After Find Element --->By.cssSelector: a[href='/add']
18:30:22.100  INFO  manager.ListenerWD - Location of element (1321, 36)
18:30:22.245  INFO  manager.ListenerWD - Before Find Element --->By.cssSelector: [placeholder='Name']
18:30:22.265  INFO  manager.ListenerWD - After Find Element --->By.cssSelector: [placeholder='Name']
18:30:22.271  INFO  manager.ListenerWD - Location of element (264, 165)
18:30:22.656  INFO  manager.ListenerWD - Before Find Element --->By.cssSelector: [placeholder='Last Name']
18:30:22.725  INFO  manager.ListenerWD - After Find Element --->By.cssSelector: [placeholder='Last Name']
18:30:22.732  INFO  manager.ListenerWD - Location of element (264, 239)
18:30:22.945  INFO  manager.ListenerWD - Before Find Element --->By.cssSelector: [placeholder='Phone']
18:30:22.975  INFO  manager.ListenerWD - After Find Element --->By.cssSelector: [placeholder='Phone']
18:30:22.981  INFO  manager.ListenerWD - Location of element (264, 313)
18:30:23.294  INFO  manager.ListenerWD - Before Find Element --->By.cssSelector: [placeholder='email']
18:30:23.383  INFO  manager.ListenerWD - After Find Element --->By.cssSelector: [placeholder='email']
18:30:23.391  INFO  manager.ListenerWD - Location of element (264, 387)
18:30:23.740  INFO  manager.ListenerWD - Before Find Element --->By.cssSelector: [placeholder='Address']
18:30:23.751  INFO  manager.ListenerWD - After Find Element --->By.cssSelector: [placeholder='Address']
18:30:23.760  INFO  manager.ListenerWD - Location of element (264, 461)
18:30:24.248  INFO  manager.ListenerWD - Before Find Element --->By.cssSelector: [placeholder='description']
18:30:24.258  INFO  manager.ListenerWD - After Find Element --->By.cssSelector: [placeholder='description']
18:30:24.263  INFO  manager.ListenerWD - Location of element (264, 535)
18:30:24.319  INFO  manager.ListenerWD - Before Find Element --->By.cssSelector: .add_form__2rsm2>button
18:30:24.333  INFO  manager.ListenerWD - After Find Element --->By.cssSelector: .add_form__2rsm2>button
18:30:24.338  INFO  manager.ListenerWD - Location of element (267, 609)
18:30:25.099  INFO  manager.ListenerWD - Before Find Element --->By.cssSelector: .add_form__2rsm2>button
18:30:25.106  INFO  manager.ListenerWD - After Find Element --->By.cssSelector: .add_form__2rsm2>button
18:30:25.110  INFO  manager.ListenerWD - Location of element (267, 609)
18:30:25.145  INFO  manager.ListenerWD - Before Find Element --->By.cssSelector: h2
18:30:25.815  INFO  manager.ListenerWD - After Find Element --->By.cssSelector: h2
18:30:25.815  INFO  manager.ListenerWD - List of elements is 4
18:30:25.869  INFO  manager.ListenerWD - Before Find Element --->By.cssSelector: h3
18:30:25.883  INFO  manager.ListenerWD - After Find Element --->By.cssSelector: h3
18:30:25.883  INFO  manager.ListenerWD - List of elements is 4
18:30:25.917  INFO  tests.TestBase - Name of method -->removeFirstContact
18:30:25.918  INFO  manager.ListenerWD - Before Find Element --->By.xpath: //button[text()='Sign Out']
18:30:25.926  INFO  manager.ListenerWD - After Find Element --->By.xpath: //button[text()='Sign Out']
18:30:25.926  INFO  manager.ListenerWD - List of elements is 1
18:30:25.927  INFO  manager.ListenerWD - Before Find Element --->By.cssSelector: .contact-item_card__2SOIM
18:30:25.941  INFO  manager.ListenerWD - After Find Element --->By.cssSelector: .contact-item_card__2SOIM
18:30:25.941  INFO  manager.ListenerWD - List of elements is 4
18:30:25.941  INFO  manager.ListenerWD - Before Find Element --->By.cssSelector: .contact-item_card__2SOIM
18:30:25.953  INFO  manager.ListenerWD - After Find Element --->By.cssSelector: .contact-item_card__2SOIM
18:30:25.953  INFO  manager.ListenerWD - List of elements is 4
18:30:25.953  INFO  manager.HelperBase - Number of Contacts  list before remove is--->4
18:30:25.953  INFO  manager.ListenerWD - Before Find Element --->By.cssSelector: .contact-item_card__2SOIM
18:30:25.962  INFO  manager.ListenerWD - After Find Element --->By.cssSelector: .contact-item_card__2SOIM
18:30:25.967  INFO  manager.ListenerWD - Location of element (252, 150)
18:30:26.061  INFO  manager.ListenerWD - Before Find Element --->By.xpath: //button[text()='Remove']
18:30:26.076  INFO  manager.ListenerWD - After Find Element --->By.xpath: //button[text()='Remove']
18:30:26.103  INFO  manager.ListenerWD - Location of element (793, 362)
18:30:27.141  INFO  manager.ListenerWD - Before Find Element --->By.cssSelector: .contact-item_card__2SOIM
18:30:27.167  INFO  manager.ListenerWD - After Find Element --->By.cssSelector: .contact-item_card__2SOIM
18:30:27.168  INFO  manager.ListenerWD - List of elements is 3
18:30:27.168  INFO  manager.HelperBase - Number of Contacts  list after remove is--->3
