20:49:27.272  INFO  manager.ApplicationManager - All tests run in Chrome Browser
20:49:28.831  INFO  manager.ApplicationManager - The link --->https://telranedu.web.app/home
20:49:28.857  INFO  tests.TestBase - Name of method -->loginSuccessModel
20:49:28.859  INFO  manager.ListenerWD - Before Find Element --->By.xpath: //button[text()='Sign Out']
20:49:33.883  INFO  manager.ListenerWD - After Find Element --->By.xpath: //button[text()='Sign Out']
20:49:33.887  INFO  manager.ListenerWD - List of elements is 0
20:49:33.895  INFO  tests.TestBase - Test data --> User{email='shilol@gmail.com', password='Shilol12345$'}
20:49:33.895  INFO  manager.ListenerWD - Before Find Element --->By.cssSelector: a[href='/login']
20:49:33.928  INFO  manager.ListenerWD - After Find Element --->By.cssSelector: a[href='/login']
20:49:33.946  INFO  manager.ListenerWD - Location of element (1570, 36)
20:49:34.228  INFO  manager.ListenerWD - Before Find Element --->By.name: email
20:49:34.248  INFO  manager.ListenerWD - After Find Element --->By.name: email
20:49:34.254  INFO  manager.ListenerWD - Location of element (640, 250)
20:49:34.648  INFO  manager.ListenerWD - Before Find Element --->By.xpath: //input[last()]
20:49:34.681  INFO  manager.ListenerWD - After Find Element --->By.xpath: //input[last()]
20:49:34.688  INFO  manager.ListenerWD - Location of element (640, 320)
20:49:35.088  INFO  manager.ListenerWD - Before Find Element --->By.xpath: //button[text()='Login']
20:49:35.103  INFO  manager.ListenerWD - After Find Element --->By.xpath: //button[text()='Login']
20:49:35.109  INFO  manager.ListenerWD - Location of element (640, 390)
20:49:35.209  INFO  manager.ListenerWD - Before Find Element --->By.xpath: //button[text()='Sign Out']
20:49:36.268  INFO  manager.ListenerWD - After Find Element --->By.xpath: //button[text()='Sign Out']
20:49:36.268  INFO  manager.ListenerWD - List of elements is 1
20:49:36.270  INFO  tests.TestBase - Assert check is Element button 'Sing out' present
20:49:36.272  INFO  tests.TestBase - Name of method -->loginSuccessModel
20:49:36.272  INFO  manager.ListenerWD - Before Find Element --->By.xpath: //button[text()='Sign Out']
20:49:36.282  INFO  manager.ListenerWD - After Find Element --->By.xpath: //button[text()='Sign Out']
20:49:36.282  INFO  manager.ListenerWD - List of elements is 1
20:49:36.282  INFO  manager.ListenerWD - Before Find Element --->By.xpath: //button[text()='Sign Out']
20:49:36.293  INFO  manager.ListenerWD - After Find Element --->By.xpath: //button[text()='Sign Out']
20:49:36.299  INFO  manager.ListenerWD - Location of element (1572, 39)
20:49:36.334  INFO  tests.TestBase - Before method finish logout
20:49:36.334  INFO  tests.TestBase - Test data --> User{email='shilol@gmail.com', password='Shilol12345$'}
20:49:36.334  INFO  manager.ListenerWD - Before Find Element --->By.cssSelector: a[href='/login']
20:49:36.349  INFO  manager.ListenerWD - After Find Element --->By.cssSelector: a[href='/login']
20:49:36.354  INFO  manager.ListenerWD - Location of element (1568, 35)
20:49:36.382  INFO  manager.ListenerWD - Before Find Element --->By.name: email
20:49:36.392  INFO  manager.ListenerWD - After Find Element --->By.name: email
20:49:36.399  INFO  manager.ListenerWD - Location of element (640, 250)
20:49:36.553  INFO  manager.ListenerWD - Before Find Element --->By.xpath: //input[last()]
20:49:36.589  INFO  manager.ListenerWD - After Find Element --->By.xpath: //input[last()]
20:49:36.620  INFO  manager.ListenerWD - Location of element (640, 320)
20:49:36.927  INFO  manager.ListenerWD - Before Find Element --->By.xpath: //button[text()='Login']
20:49:36.943  INFO  manager.ListenerWD - After Find Element --->By.xpath: //button[text()='Login']
20:49:36.951  INFO  manager.ListenerWD - Location of element (640, 390)
20:49:37.157  INFO  manager.ListenerWD - Before Find Element --->By.xpath: //button[text()='Sign Out']
20:49:37.380  INFO  manager.ListenerWD - After Find Element --->By.xpath: //button[text()='Sign Out']
20:49:37.380  INFO  manager.ListenerWD - List of elements is 1
20:49:37.380  INFO  tests.TestBase - Assert check is Element button 'Sing out' present
