18:24:41.030  INFO  manager.ApplicationManager - All tests run in Chrome Browser
18:24:43.563  INFO  manager.ApplicationManager - The link --->https://telranedu.web.app/home
18:24:43.577  INFO  tests.TestBase - Name of method -->loginWrongEmail
18:24:43.578  INFO  manager.ListenerWD - Before Find Element --->By.xpath: //button[text()='Sign Out']
18:24:48.611  INFO  manager.ListenerWD - After Find Element --->By.xpath: //button[text()='Sign Out']
18:24:48.614  INFO  manager.ListenerWD - List of elements is 0
18:24:48.615  INFO  tests.TestBase - Test data --> email: 'shilolgmail.com' & password : 'Shilol12345$'
18:24:48.616  INFO  manager.ListenerWD - Before Find Element --->By.cssSelector: a[href='/login']
18:24:48.649  INFO  manager.ListenerWD - After Find Element --->By.cssSelector: a[href='/login']
18:24:48.668  INFO  manager.ListenerWD - Location of element (1570, 36)
18:24:48.898  INFO  manager.ListenerWD - Before Find Element --->By.name: email
18:24:48.916  INFO  manager.ListenerWD - After Find Element --->By.name: email
18:24:48.922  INFO  manager.ListenerWD - Location of element (640, 250)
18:24:49.315  INFO  manager.ListenerWD - Before Find Element --->By.xpath: //input[last()]
18:24:49.332  INFO  manager.ListenerWD - After Find Element --->By.xpath: //input[last()]
18:24:49.338  INFO  manager.ListenerWD - Location of element (640, 320)
18:24:49.644  INFO  manager.ListenerWD - Before Find Element --->By.xpath: //button[text()='Login']
18:24:49.657  INFO  manager.ListenerWD - After Find Element --->By.xpath: //button[text()='Login']
18:24:49.664  INFO  manager.ListenerWD - Location of element (640, 390)
18:24:49.750  INFO  manager.ListenerWD - Huston we have problem!
18:24:49.750  INFO  manager.ListenerWD - Object target --->org.openqa.selenium.remote.RemoteWebDriver$RemoteTargetLocator@1cd43562
18:24:49.751  INFO  manager.ListenerWD - ************
18:24:49.751  INFO  manager.ListenerWD - Method name --->alert
18:24:49.751  INFO  manager.ListenerWD - ************
18:24:49.751  INFO  manager.ListenerWD - ************
18:24:49.751  INFO  manager.ListenerWD - ************
18:24:49.751  INFO  manager.ListenerWD - InvocationTargetException & getTargetException -->org.openqa.selenium.NoAlertPresentException: no such alert
  (Session info: chrome=112.0.5615.137)
Build info: version: '4.7.0', revision: '0a5b49d16f'
System info: os.name: 'Mac OS X', os.arch: 'aarch64', os.version: '13.3.1', java.version: '11.0.18'
Driver info: org.openqa.selenium.chrome.ChromeDriver
Command: [f05e46ebe2204d6ff4cacdc6d4a7faba, getAlertText {}]
Capabilities {acceptInsecureCerts: false, browserName: chrome, browserVersion: 112.0.5615.137, chrome: {chromedriverVersion: 111.0.5563.64 (c710e93d5b63..., userDataDir: /var/folders/xc/0_hv0jxn5wj...}, goog:chromeOptions: {debuggerAddress: localhost:49540}, networkConnectionEnabled: false, pageLoadStrategy: normal, platformName: MAC, proxy: Proxy(), se:cdp: ws://localhost:49540/devtoo..., se:cdpVersion: 112.0.5615.137, setWindowRect: true, strictFileInteractability: false, timeouts: {implicit: 0, pageLoad: 300000, script: 30000}, unhandledPromptBehavior: dismiss and notify, webauthn:extension:credBlob: true, webauthn:extension:largeBlob: true, webauthn:extension:minPinLength: true, webauthn:extension:prf: true, webauthn:virtualAuthenticators: true}
Session ID: f05e46ebe2204d6ff4cacdc6d4a7faba
18:24:49.751  INFO  manager.ListenerWD - ************
18:24:49.753  INFO  manager.ListenerWD - Screen with error is --->src/test/screenshots/screen1806.png
18:24:50.269  INFO  manager.ListenerWD - Huston we have problem!
18:24:50.270  INFO  manager.ListenerWD - Object target --->org.openqa.selenium.remote.RemoteWebDriver$RemoteTargetLocator@7237f3c1
18:24:50.270  INFO  manager.ListenerWD - ************
18:24:50.270  INFO  manager.ListenerWD - Method name --->alert
18:24:50.270  INFO  manager.ListenerWD - ************
18:24:50.270  INFO  manager.ListenerWD - ************
18:24:50.270  INFO  manager.ListenerWD - ************
18:24:50.270  INFO  manager.ListenerWD - InvocationTargetException & getTargetException -->org.openqa.selenium.NoAlertPresentException: no such alert
  (Session info: chrome=112.0.5615.137)
Build info: version: '4.7.0', revision: '0a5b49d16f'
System info: os.name: 'Mac OS X', os.arch: 'aarch64', os.version: '13.3.1', java.version: '11.0.18'
Driver info: org.openqa.selenium.chrome.ChromeDriver
Command: [f05e46ebe2204d6ff4cacdc6d4a7faba, getAlertText {}]
Capabilities {acceptInsecureCerts: false, browserName: chrome, browserVersion: 112.0.5615.137, chrome: {chromedriverVersion: 111.0.5563.64 (c710e93d5b63..., userDataDir: /var/folders/xc/0_hv0jxn5wj...}, goog:chromeOptions: {debuggerAddress: localhost:49540}, networkConnectionEnabled: false, pageLoadStrategy: normal, platformName: MAC, proxy: Proxy(), se:cdp: ws://localhost:49540/devtoo..., se:cdpVersion: 112.0.5615.137, setWindowRect: true, strictFileInteractability: false, timeouts: {implicit: 0, pageLoad: 300000, script: 30000}, unhandledPromptBehavior: dismiss and notify, webauthn:extension:credBlob: true, webauthn:extension:largeBlob: true, webauthn:extension:minPinLength: true, webauthn:extension:prf: true, webauthn:virtualAuthenticators: true}
Session ID: f05e46ebe2204d6ff4cacdc6d4a7faba
18:24:50.271  INFO  manager.ListenerWD - ************
18:24:50.271  INFO  manager.ListenerWD - Screen with error is --->src/test/screenshots/screen1413.png
18:24:50.794  INFO  manager.ListenerWD - Huston we have problem!
18:24:50.795  INFO  manager.ListenerWD - Object target --->org.openqa.selenium.remote.RemoteWebDriver$RemoteTargetLocator@32456db0
18:24:50.795  INFO  manager.ListenerWD - ************
18:24:50.795  INFO  manager.ListenerWD - Method name --->alert
18:24:50.795  INFO  manager.ListenerWD - ************
18:24:50.795  INFO  manager.ListenerWD - ************
18:24:50.795  INFO  manager.ListenerWD - ************
18:24:50.796  INFO  manager.ListenerWD - InvocationTargetException & getTargetException -->org.openqa.selenium.NoAlertPresentException: no such alert
  (Session info: chrome=112.0.5615.137)
Build info: version: '4.7.0', revision: '0a5b49d16f'
System info: os.name: 'Mac OS X', os.arch: 'aarch64', os.version: '13.3.1', java.version: '11.0.18'
Driver info: org.openqa.selenium.chrome.ChromeDriver
Command: [f05e46ebe2204d6ff4cacdc6d4a7faba, getAlertText {}]
Capabilities {acceptInsecureCerts: false, browserName: chrome, browserVersion: 112.0.5615.137, chrome: {chromedriverVersion: 111.0.5563.64 (c710e93d5b63..., userDataDir: /var/folders/xc/0_hv0jxn5wj...}, goog:chromeOptions: {debuggerAddress: localhost:49540}, networkConnectionEnabled: false, pageLoadStrategy: normal, platformName: MAC, proxy: Proxy(), se:cdp: ws://localhost:49540/devtoo..., se:cdpVersion: 112.0.5615.137, setWindowRect: true, strictFileInteractability: false, timeouts: {implicit: 0, pageLoad: 300000, script: 30000}, unhandledPromptBehavior: dismiss and notify, webauthn:extension:credBlob: true, webauthn:extension:largeBlob: true, webauthn:extension:minPinLength: true, webauthn:extension:prf: true, webauthn:virtualAuthenticators: true}
Session ID: f05e46ebe2204d6ff4cacdc6d4a7faba
18:24:50.796  INFO  manager.ListenerWD - ************
18:24:50.796  INFO  manager.ListenerWD - Screen with error is --->src/test/screenshots/screen1744.png
18:24:51.331  INFO  tests.TestBase - Assert check is alert present with error text 'Wrong email or password'
18:24:51.335  INFO  tests.TestBase - Name of method -->registrationWrongEmail
18:24:51.336  INFO  manager.ListenerWD - Before Find Element --->By.xpath: //button[text()='Sign Out']
18:24:56.354  INFO  manager.ListenerWD - After Find Element --->By.xpath: //button[text()='Sign Out']
18:24:56.355  INFO  manager.ListenerWD - List of elements is 0
18:24:56.356  INFO  manager.ListenerWD - Before Find Element --->By.cssSelector: a[href='/login']
18:24:56.368  INFO  manager.ListenerWD - After Find Element --->By.cssSelector: a[href='/login']
18:24:56.373  INFO  manager.ListenerWD - Location of element (1568, 35)
18:24:56.397  INFO  manager.ListenerWD - Before Find Element --->By.name: email
18:24:56.408  INFO  manager.ListenerWD - After Find Element --->By.name: email
18:24:56.414  INFO  manager.ListenerWD - Location of element (640, 279)
18:24:56.522  INFO  manager.ListenerWD - Before Find Element --->By.xpath: //input[last()]
18:24:56.536  INFO  manager.ListenerWD - After Find Element --->By.xpath: //input[last()]
18:24:56.543  INFO  manager.ListenerWD - Location of element (640, 349)
18:24:56.865  INFO  manager.ListenerWD - Before Find Element --->By.xpath: //button[text()='Registration']
18:24:56.878  INFO  manager.ListenerWD - After Find Element --->By.xpath: //button[text()='Registration']
18:24:56.885  INFO  manager.ListenerWD - Location of element (890, 419)
18:24:56.958  INFO  manager.ListenerWD - Huston we have problem!
18:24:56.958  INFO  manager.ListenerWD - Object target --->org.openqa.selenium.remote.RemoteWebDriver$RemoteTargetLocator@43ac0a68
18:24:56.958  INFO  manager.ListenerWD - ************
18:24:56.958  INFO  manager.ListenerWD - Method name --->alert
18:24:56.958  INFO  manager.ListenerWD - ************
18:24:56.958  INFO  manager.ListenerWD - ************
18:24:56.958  INFO  manager.ListenerWD - ************
18:24:56.958  INFO  manager.ListenerWD - InvocationTargetException & getTargetException -->org.openqa.selenium.NoAlertPresentException: no such alert
  (Session info: chrome=112.0.5615.137)
Build info: version: '4.7.0', revision: '0a5b49d16f'
System info: os.name: 'Mac OS X', os.arch: 'aarch64', os.version: '13.3.1', java.version: '11.0.18'
Driver info: org.openqa.selenium.chrome.ChromeDriver
Command: [f05e46ebe2204d6ff4cacdc6d4a7faba, getAlertText {}]
Capabilities {acceptInsecureCerts: false, browserName: chrome, browserVersion: 112.0.5615.137, chrome: {chromedriverVersion: 111.0.5563.64 (c710e93d5b63..., userDataDir: /var/folders/xc/0_hv0jxn5wj...}, goog:chromeOptions: {debuggerAddress: localhost:49540}, networkConnectionEnabled: false, pageLoadStrategy: normal, platformName: MAC, proxy: Proxy(), se:cdp: ws://localhost:49540/devtoo..., se:cdpVersion: 112.0.5615.137, setWindowRect: true, strictFileInteractability: false, timeouts: {implicit: 0, pageLoad: 300000, script: 30000}, unhandledPromptBehavior: dismiss and notify, webauthn:extension:credBlob: true, webauthn:extension:largeBlob: true, webauthn:extension:minPinLength: true, webauthn:extension:prf: true, webauthn:virtualAuthenticators: true}
Session ID: f05e46ebe2204d6ff4cacdc6d4a7faba
18:24:56.958  INFO  manager.ListenerWD - ************
18:24:56.958  INFO  manager.ListenerWD - Screen with error is --->src/test/screenshots/screen1449.png
18:24:57.478  INFO  manager.ListenerWD - Before Find Element --->By.xpath: //button[text()='Sign Out']
18:25:02.538  INFO  manager.ListenerWD - After Find Element --->By.xpath: //button[text()='Sign Out']
18:25:02.538  INFO  manager.ListenerWD - List of elements is 0
18:25:02.539  INFO  manager.ListenerWD - Before Find Element --->By.cssSelector: a[href='/login']
18:25:02.556  INFO  manager.ListenerWD - After Find Element --->By.cssSelector: a[href='/login']
18:25:02.562  INFO  manager.ListenerWD - Location of element (1568, 35)
18:25:02.588  INFO  manager.ListenerWD - Before Find Element --->By.name: email
18:25:02.597  INFO  manager.ListenerWD - After Find Element --->By.name: email
18:25:02.603  INFO  manager.ListenerWD - Location of element (640, 279)
18:25:02.701  INFO  manager.ListenerWD - Before Find Element --->By.xpath: //input[last()]
18:25:02.715  INFO  manager.ListenerWD - After Find Element --->By.xpath: //input[last()]
18:25:02.721  INFO  manager.ListenerWD - Location of element (640, 349)
18:25:03.083  INFO  manager.ListenerWD - Before Find Element --->By.xpath: //button[text()='Login']
18:25:03.122  INFO  manager.ListenerWD - After Find Element --->By.xpath: //button[text()='Login']
18:25:03.128  INFO  manager.ListenerWD - Location of element (640, 419)
18:25:03.215  INFO  tests.TestBase - Name of method -->addContactSuccessRequiredFields
18:25:03.223  INFO  tests.TestBase - Tests run with data: --->Contact(name=TonyReq1061, lastName=Stark, phone=343434341061, email=stark1061@gmail.com, address=NY, description=null)
18:25:03.223  INFO  manager.ListenerWD - Before Find Element --->By.cssSelector: a[href='/add']
18:25:03.590  INFO  manager.ListenerWD - After Find Element --->By.cssSelector: a[href='/add']
18:25:03.595  INFO  manager.ListenerWD - Location of element (1321, 36)
18:25:03.773  INFO  manager.ListenerWD - Before Find Element --->By.cssSelector: [placeholder='Name']
18:25:03.783  INFO  manager.ListenerWD - After Find Element --->By.cssSelector: [placeholder='Name']
18:25:03.792  INFO  manager.ListenerWD - Location of element (264, 165)
18:25:04.178  INFO  manager.ListenerWD - Before Find Element --->By.cssSelector: [placeholder='Last Name']
18:25:04.188  INFO  manager.ListenerWD - After Find Element --->By.cssSelector: [placeholder='Last Name']
18:25:04.195  INFO  manager.ListenerWD - Location of element (264, 239)
18:25:04.438  INFO  manager.ListenerWD - Before Find Element --->By.cssSelector: [placeholder='Phone']
18:25:04.460  INFO  manager.ListenerWD - After Find Element --->By.cssSelector: [placeholder='Phone']
18:25:04.466  INFO  manager.ListenerWD - Location of element (264, 313)
18:25:04.752  INFO  manager.ListenerWD - Before Find Element --->By.cssSelector: [placeholder='email']
18:25:04.813  INFO  manager.ListenerWD - After Find Element --->By.cssSelector: [placeholder='email']
18:25:04.821  INFO  manager.ListenerWD - Location of element (264, 387)
18:25:05.133  INFO  manager.ListenerWD - Before Find Element --->By.cssSelector: [placeholder='Address']
18:25:05.164  INFO  manager.ListenerWD - After Find Element --->By.cssSelector: [placeholder='Address']
18:25:05.173  INFO  manager.ListenerWD - Location of element (264, 461)
18:25:05.397  INFO  manager.ListenerWD - Before Find Element --->By.cssSelector: [placeholder='description']
18:25:05.424  INFO  manager.ListenerWD - After Find Element --->By.cssSelector: [placeholder='description']
18:25:05.430  INFO  manager.ListenerWD - Location of element (264, 535)
18:25:05.640  INFO  manager.ListenerWD - Before Find Element --->By.cssSelector: .add_form__2rsm2>button
18:25:05.655  INFO  manager.ListenerWD - After Find Element --->By.cssSelector: .add_form__2rsm2>button
18:25:05.660  INFO  manager.ListenerWD - Location of element (267, 609)
18:25:06.372  INFO  manager.ListenerWD - Before Find Element --->By.cssSelector: .add_form__2rsm2>button
18:25:06.379  INFO  manager.ListenerWD - After Find Element --->By.cssSelector: .add_form__2rsm2>button
18:25:06.382  INFO  manager.ListenerWD - Location of element (267, 609)
18:25:06.543  INFO  manager.ListenerWD - Before Find Element --->By.cssSelector: h2
18:25:07.209  INFO  manager.ListenerWD - After Find Element --->By.cssSelector: h2
18:25:07.210  INFO  manager.ListenerWD - List of elements is 4
18:25:07.254  INFO  manager.ListenerWD - Before Find Element --->By.cssSelector: h3
18:25:07.268  INFO  manager.ListenerWD - After Find Element --->By.cssSelector: h3
18:25:07.268  INFO  manager.ListenerWD - List of elements is 4
18:25:07.299  INFO  tests.TestBase - Name of method -->removeFirstContact
18:25:07.299  INFO  manager.ListenerWD - Before Find Element --->By.xpath: //button[text()='Sign Out']
18:25:07.308  INFO  manager.ListenerWD - After Find Element --->By.xpath: //button[text()='Sign Out']
18:25:07.308  INFO  manager.ListenerWD - List of elements is 1
18:25:07.308  INFO  manager.ListenerWD - Before Find Element --->By.cssSelector: .contact-item_card__2SOIM
18:25:07.322  INFO  manager.ListenerWD - After Find Element --->By.cssSelector: .contact-item_card__2SOIM
18:25:07.322  INFO  manager.ListenerWD - List of elements is 4
18:25:07.323  INFO  manager.ListenerWD - Before Find Element --->By.cssSelector: .contact-item_card__2SOIM
18:25:07.334  INFO  manager.ListenerWD - After Find Element --->By.cssSelector: .contact-item_card__2SOIM
18:25:07.334  INFO  manager.ListenerWD - List of elements is 4
18:25:07.335  INFO  manager.HelperBase - Number of Contacts  list before remove is--->4
18:25:07.335  INFO  manager.ListenerWD - Before Find Element --->By.cssSelector: .contact-item_card__2SOIM
18:25:07.344  INFO  manager.ListenerWD - After Find Element --->By.cssSelector: .contact-item_card__2SOIM
18:25:07.349  INFO  manager.ListenerWD - Location of element (252, 150)
18:25:07.434  INFO  manager.ListenerWD - Before Find Element --->By.xpath: //button[text()='Remove']
18:25:07.455  INFO  manager.ListenerWD - After Find Element --->By.xpath: //button[text()='Remove']
18:25:07.464  INFO  manager.ListenerWD - Location of element (793, 362)
18:25:08.506  INFO  manager.ListenerWD - Before Find Element --->By.cssSelector: .contact-item_card__2SOIM
18:25:08.535  INFO  manager.ListenerWD - After Find Element --->By.cssSelector: .contact-item_card__2SOIM
18:25:08.535  INFO  manager.ListenerWD - List of elements is 3
18:25:08.536  INFO  manager.HelperBase - Number of Contacts  list after remove is--->3
